## BW4 Installation Export
https://softwaredownloads.sap.com/file/0030000000365672019
https://softwaredownloads.sap.com/file/0030000000365682019
https://softwaredownloads.sap.com/file/0030000000365692019
https://softwaredownloads.sap.com/file/0030000000365712019
https://softwaredownloads.sap.com/file/0030000000365742019
https://softwaredownloads.sap.com/file/0030000000365782019
https://softwaredownloads.sap.com/file/0030000000365802019

## SAPCAR_1324-80000935.EXE
https://softwaredownloads.sap.com/file/0020000001767762020

## SAP HOST AGENT
https://softwaredownloads.sap.com/file/0020000000900862020

## SAPEXE + SAPEXEDB
https://softwaredownloads.sap.com/file/0020000000272502020
https://softwaredownloads.sap.com/file/0020000000272412020

## IGSEXE
https://softwaredownloads.sap.com/file/0020000000758002020

## IGShelper
https://softwaredownloads.sap.com/file/0020000000703122018

## IMDB CLIENT 20_004_202
https://softwaredownloads.sap.com/file/0020000001008502020

## SWPM20SP07_6-80003424.SAR
https://softwaredownloads.sap.com/file/0020000000211432021
