# BW4HANA300_INST_EXPORT_1.zip
https://softwaredownloads.sap.com/file/0030000001509582021
# BW4HANA300_INST_EXPORT_2.zip
https://softwaredownloads.sap.com/file/0030000001509592021
# BW4HANA300_INST_EXPORT_3.zip
https://softwaredownloads.sap.com/file/0030000001509602021
# BW4HANA300_INST_EXPORT_4.zip
https://softwaredownloads.sap.com/file/0030000001509622021
# BW4HANA300_INST_EXPORT_5.zip
https://softwaredownloads.sap.com/file/0030000001509632021
# BW4HANA300_INST_EXPORT_6.zip
https://softwaredownloads.sap.com/file/0030000001509662021
# BW4HANA300_INST_EXPORT_7.zip
https://softwaredownloads.sap.com/file/0030000001509692021
# BW4HANA300_INST_EXPORT_8.zip
https://softwaredownloads.sap.com/file/0030000001509712021
# BW4HANA300_NW_LANG_DE.SAR
https://softwaredownloads.sap.com/file/0030000001509772021
# BW4HANA300_NW_LANG_EN.SAR
https://softwaredownloads.sap.com/file/0030000001509792021

# SWPM20SP13_1-80003424.SAR
https://softwaredownloads.sap.com/file/0020000001492982022
# SAPCAR_1115-70006178.EXE
https://softwaredownloads.sap.com/file/0020000000098642022
# SAPEXEDB_200-80005373.SAR
https://softwaredownloads.sap.com/file/0020000001080682022
# SAPEXE_200-80005374.SAR
https://softwaredownloads.sap.com/file/0020000001080892022
# SAPHOSTAGENT58_58-80004822.SAR
https://softwaredownloads.sap.com/file/0020000001370172022
# igshelper_17-10010245.sar
https://softwaredownloads.sap.com/file/0020000000703122018
# igsexe_1-70005417.sar
https://softwaredownloads.sap.com/file/0020000000535042021
