# EXPORT Files
https://softwaredownloads.sap.com/file/0030000001440322021
https://softwaredownloads.sap.com/file/0030000001440332021
https://softwaredownloads.sap.com/file/0030000001440352021
https://softwaredownloads.sap.com/file/0030000001440382021
https://softwaredownloads.sap.com/file/0030000001440392021
https://softwaredownloads.sap.com/file/0030000001440402021
https://softwaredownloads.sap.com/file/0030000001440412021
https://softwaredownloads.sap.com/file/0030000001440422021
https://softwaredownloads.sap.com/file/0030000001440442021
https://softwaredownloads.sap.com/file/0030000001440452021
https://softwaredownloads.sap.com/file/0030000001440472021
https://softwaredownloads.sap.com/file/0030000001440482021
https://softwaredownloads.sap.com/file/0030000001440492021
https://softwaredownloads.sap.com/file/0030000001440502021
https://softwaredownloads.sap.com/file/0030000001440512021
https://softwaredownloads.sap.com/file/0030000001440532021
https://softwaredownloads.sap.com/file/0030000001440542021
https://softwaredownloads.sap.com/file/0030000001440562021
https://softwaredownloads.sap.com/file/0030000001440572021
https://softwaredownloads.sap.com/file/0030000001440582021
https://softwaredownloads.sap.com/file/0030000001440592021
https://softwaredownloads.sap.com/file/0030000001440602021
https://softwaredownloads.sap.com/file/0030000001440612021
https://softwaredownloads.sap.com/file/0030000001440622021
https://softwaredownloads.sap.com/file/0030000001440632021
https://softwaredownloads.sap.com/file/0030000001440642021
https://softwaredownloads.sap.com/file/0030000001440662021
https://softwaredownloads.sap.com/file/0030000001440672021
https://softwaredownloads.sap.com/file/0020000001450632021
https://softwaredownloads.sap.com/file/0020000001450532021
https://softwaredownloads.sap.com/file/0020000000241722011
https://softwaredownloads.sap.com/file/0020000000535042021
# IGSHELPER/IGSEXE
https://softwaredownloads.sap.com/file/0020000000703122018
https://softwaredownloads.sap.com/file/0020000000535042021
# SAP KERNEL
https://softwaredownloads.sap.com/file/0020000001450532021
https://softwaredownloads.sap.com/file/0020000001450632021
# SAPHOSTAGENT
https://softwaredownloads.sap.com/file/0020000001542872021
# SWPM2
https://softwaredownloads.sap.com/file/0020000001662762021
