## S4 Installation Export
https://softwaredownloads.sap.com/file/0030000001666752020
https://softwaredownloads.sap.com/file/0030000001666762020
https://softwaredownloads.sap.com/file/0030000001666772020
https://softwaredownloads.sap.com/file/0030000001666782020
https://softwaredownloads.sap.com/file/0030000001666802020
https://softwaredownloads.sap.com/file/0030000001666842020
https://softwaredownloads.sap.com/file/0030000001666862020
https://softwaredownloads.sap.com/file/0030000001666872020
https://softwaredownloads.sap.com/file/0030000001666882020
https://softwaredownloads.sap.com/file/0030000001666892020
https://softwaredownloads.sap.com/file/0030000001666912020
https://softwaredownloads.sap.com/file/0030000001666922020
https://softwaredownloads.sap.com/file/0030000001666932020
https://softwaredownloads.sap.com/file/0030000001666942020
https://softwaredownloads.sap.com/file/0030000001666952020
https://softwaredownloads.sap.com/file/0030000001666982020
https://softwaredownloads.sap.com/file/0030000001666992020
https://softwaredownloads.sap.com/file/0030000001667002020
https://softwaredownloads.sap.com/file/0030000001667012020
https://softwaredownloads.sap.com/file/0030000001667022020
https://softwaredownloads.sap.com/file/0030000001667032020
https://softwaredownloads.sap.com/file/0030000001667052020
https://softwaredownloads.sap.com/file/0030000001667062020
https://softwaredownloads.sap.com/file/0030000001667072020

## SAPCAR_1324-80000935.EXE
https://softwaredownloads.sap.com/file/0020000001767762020

# SAPHOSTAGENT48_48-20009394.SAR
https://softwaredownloads.sap.com/file/0020000001233192020

## SAPEXE + SAPEXEDB
# SAPEXE_19-70005283.SAR
https://softwaredownloads.sap.com/file/0020000001753762020
# SAPEXEDB_19-70005282.SAR
https://softwaredownloads.sap.com/file/0020000001753572020

## igsexe_0-70005417.sar
https://softwaredownloads.sap.com/file/0020000001634982020

## IGShelper
https://softwaredownloads.sap.com/file/0020000000703122018

## IMDB_CLIENT20_005_111-80002082.SAR
https://softwaredownloads.sap.com/file/0020000001649042020

## SWPM20SP07_4-80003424.SAR
https://softwaredownloads.sap.com/file/0020000001988822020
