## S4 Installation Export
https://softwaredownloads.sap.com/file/0030000001632352019
https://softwaredownloads.sap.com/file/0030000001632372019
https://softwaredownloads.sap.com/file/0030000001632382019
https://softwaredownloads.sap.com/file/0030000001632402019
https://softwaredownloads.sap.com/file/0030000001632442019
https://softwaredownloads.sap.com/file/0030000001632472019
https://softwaredownloads.sap.com/file/0030000001632502019
https://softwaredownloads.sap.com/file/0030000001632562019
https://softwaredownloads.sap.com/file/0030000001632682019
https://softwaredownloads.sap.com/file/0030000001632732019
https://softwaredownloads.sap.com/file/0030000001632782019
https://softwaredownloads.sap.com/file/0030000001632802019
https://softwaredownloads.sap.com/file/0030000001632832019
https://softwaredownloads.sap.com/file/0030000001632862019
https://softwaredownloads.sap.com/file/0030000001632902019
https://softwaredownloads.sap.com/file/0030000001632932019
https://softwaredownloads.sap.com/file/0030000001632972019
https://softwaredownloads.sap.com/file/0030000001633002019
https://softwaredownloads.sap.com/file/0030000001633012019
https://softwaredownloads.sap.com/file/0030000001633032019
https://softwaredownloads.sap.com/file/0030000001633052019
https://softwaredownloads.sap.com/file/0030000001633092019
https://softwaredownloads.sap.com/file/0030000001633142019
https://softwaredownloads.sap.com/file/0030000001633192019
https://softwaredownloads.sap.com/file/0030000001633242019

## SAPCAR_1324-80000935.EXE
https://softwaredownloads.sap.com/file/0020000001767762020

# SAPHOSTAGENT48_48-20009394.SAR
https://softwaredownloads.sap.com/file/0020000001233192020

## SAPEXE + SAPEXEDB
https://softwaredownloads.sap.com/file/0020000000272502020
https://softwaredownloads.sap.com/file/0020000000272412020

## IGSEXE
https://softwaredownloads.sap.com/file/0020000000758002020

## IGShelper
https://softwaredownloads.sap.com/file/0020000000703122018

## IMDB CLIENT 20_004_202
https://softwaredownloads.sap.com/file/0020000001008502020

## SWPM20SP07_5-80003424.SAR
https://softwaredownloads.sap.com/file/0020000002167262020
